{"/Users/davidcrawford/Documents/whats up doc/App.tsx": {"path":"/Users/davidcrawford/Documents/whats up doc/App.tsx","statementMap":{"0":{"start":{"line":12,"column":20},"end":{"line":12,"column":37}},"1":{"start":{"line":15,"column":30},"end":{"line":15,"column":35}},"2":{"start":{"line":16,"column":28},"end":{"line":16,"column":48}},"3":{"start":{"line":17,"column":22},"end":{"line":17,"column":38}},"4":{"start":{"line":18,"column":2},"end":{"line":28,"column":9}},"5":{"start":{"line":19,"column":4},"end":{"line":27,"column":9}},"6":{"start":{"line":20,"column":17},"end":{"line":20,"column":63}},"7":{"start":{"line":22,"column":6},"end":{"line":26,"column":82}},"8":{"start":{"line":23,"column":8},"end":{"line":25,"column":11}},"9":{"start":{"line":24,"column":10},"end":{"line":24,"column":79}},"10":{"start":{"line":26,"column":13},"end":{"line":26,"column":82}},"11":{"start":{"line":30,"column":2},"end":{"line":41,"column":3}},"12":{"start":{"line":31,"column":4},"end":{"line":31,"column":16}},"13":{"start":{"line":33,"column":4},"end":{"line":40,"column":6}}},"fnMap":{"0":{"name":"App","decl":{"start":{"line":14,"column":24},"end":{"line":14,"column":27}},"loc":{"start":{"line":14,"column":40},"end":{"line":42,"column":1}},"line":14},"1":{"name":"(anonymous_1)","decl":{"start":{"line":18,"column":12},"end":{"line":18,"column":13}},"loc":{"start":{"line":18,"column":18},"end":{"line":28,"column":3}},"line":18},"2":{"name":"(anonymous_2)","decl":{"start":{"line":19,"column":5},"end":{"line":19,"column":6}},"loc":{"start":{"line":19,"column":17},"end":{"line":27,"column":5}},"line":19},"3":{"name":"(anonymous_3)","decl":{"start":{"line":23,"column":83},"end":{"line":23,"column":84}},"loc":{"start":{"line":23,"column":95},"end":{"line":25,"column":9}},"line":23}},"branchMap":{"0":{"loc":{"start":{"line":22,"column":6},"end":{"line":26,"column":82}},"type":"if","locations":[{"start":{"line":22,"column":6},"end":{"line":26,"column":82}},{"start":{"line":22,"column":6},"end":{"line":26,"column":82}}],"line":22},"1":{"loc":{"start":{"line":22,"column":10},"end":{"line":22,"column":60}},"type":"binary-expr","locations":[{"start":{"line":22,"column":10},"end":{"line":22,"column":23}},{"start":{"line":22,"column":27},"end":{"line":22,"column":38}},{"start":{"line":22,"column":42},"end":{"line":22,"column":60}}],"line":22},"2":{"loc":{"start":{"line":30,"column":2},"end":{"line":41,"column":3}},"type":"if","locations":[{"start":{"line":30,"column":2},"end":{"line":41,"column":3}},{"start":{"line":30,"column":2},"end":{"line":41,"column":3}}],"line":30},"3":{"loc":{"start":{"line":30,"column":6},"end":{"line":30,"column":44}},"type":"binary-expr","locations":[{"start":{"line":30,"column":6},"end":{"line":30,"column":24}},{"start":{"line":30,"column":28},"end":{"line":30,"column":44}}],"line":30}},"s":{"0":1,"1":2,"2":2,"3":2,"4":2,"5":1,"6":1,"7":0,"8":0,"9":0,"10":0,"11":2,"12":0,"13":2},"f":{"0":2,"1":1,"2":1,"3":0},"b":{"0":[0,0],"1":[0,0,0],"2":[0,2],"3":[2,2]},"_coverageSchema":"1a1c01bbd47fc00a2c39e90264f33305004495a9","hash":"45a5e136c02c080c1ba60e89b07d77c0ed79ce86"}
,"/Users/davidcrawford/Documents/whats up doc/assets/fonts/SpaceMono-Regular.ttf": {"path":"/Users/davidcrawford/Documents/whats up doc/assets/fonts/SpaceMono-Regular.ttf","statementMap":{"0":{"start":{"line":1,"column":0},"end":{"line":1,"column":19}}},"fnMap":{},"branchMap":{},"s":{"0":1},"f":{},"b":{},"inputSourceMap":null,"_coverageSchema":"1a1c01bbd47fc00a2c39e90264f33305004495a9","hash":"b13010a26c47bae2cb17844f6b1c219f82cf4c91"}
,"/Users/davidcrawford/Documents/whats up doc/assets/images/icon.png": {"path":"/Users/davidcrawford/Documents/whats up doc/assets/images/icon.png","statementMap":{"0":{"start":{"line":1,"column":0},"end":{"line":1,"column":19}}},"fnMap":{},"branchMap":{},"s":{"0":1},"f":{},"b":{},"inputSourceMap":null,"_coverageSchema":"1a1c01bbd47fc00a2c39e90264f33305004495a9","hash":"4420963f89f0557884d4935fc0a246d0b31cad35"}
,"/Users/davidcrawford/Documents/whats up doc/components/EditScreenInfo.tsx": {"path":"/Users/davidcrawford/Documents/whats up doc/components/EditScreenInfo.tsx","statementMap":{"0":{"start":{"line":9,"column":2},"end":{"line":33,"column":4}},"1":{"start":{"line":37,"column":2},"end":{"line":37,"column":120}},"2":{"start":{"line":40,"column":15},"end":{"line":96,"column":2}}},"fnMap":{"0":{"name":"EditScreenInfo","decl":{"start":{"line":8,"column":24},"end":{"line":8,"column":38}},"loc":{"start":{"line":8,"column":67},"end":{"line":34,"column":1}},"line":8},"1":{"name":"handleHelpPress","decl":{"start":{"line":36,"column":9},"end":{"line":36,"column":24}},"loc":{"start":{"line":36,"column":27},"end":{"line":38,"column":1}},"line":36}},"branchMap":{},"s":{"0":2,"1":0,"2":1},"f":{"0":2,"1":0},"b":{},"_coverageSchema":"1a1c01bbd47fc00a2c39e90264f33305004495a9","hash":"35aeabe943ca7d916508064971d993361e5ef406"}
,"/Users/davidcrawford/Documents/whats up doc/components/ErrorBoundary.tsx": {"path":"/Users/davidcrawford/Documents/whats up doc/components/ErrorBoundary.tsx","statementMap":{"0":{"start":{"line":5,"column":4},"end":{"line":5,"column":17}},"1":{"start":{"line":6,"column":4},"end":{"line":6,"column":37}},"2":{"start":{"line":11,"column":4},"end":{"line":11,"column":30}},"3":{"start":{"line":16,"column":4},"end":{"line":16,"column":34}},"4":{"start":{"line":21,"column":4},"end":{"line":24,"column":5}},"5":{"start":{"line":23,"column":6},"end":{"line":23,"column":44}},"6":{"start":{"line":26,"column":4},"end":{"line":26,"column":31}}},"fnMap":{"0":{"name":"(anonymous_0)","decl":{"start":{"line":4,"column":2},"end":{"line":4,"column":3}},"loc":{"start":{"line":4,"column":26},"end":{"line":7,"column":3}},"line":4},"1":{"name":"(anonymous_1)","decl":{"start":{"line":9,"column":2},"end":{"line":9,"column":3}},"loc":{"start":{"line":9,"column":46},"end":{"line":12,"column":3}},"line":9},"2":{"name":"(anonymous_2)","decl":{"start":{"line":14,"column":2},"end":{"line":14,"column":3}},"loc":{"start":{"line":14,"column":48},"end":{"line":18,"column":3}},"line":14},"3":{"name":"(anonymous_3)","decl":{"start":{"line":20,"column":2},"end":{"line":20,"column":3}},"loc":{"start":{"line":20,"column":11},"end":{"line":27,"column":3}},"line":20}},"branchMap":{"0":{"loc":{"start":{"line":21,"column":4},"end":{"line":24,"column":5}},"type":"if","locations":[{"start":{"line":21,"column":4},"end":{"line":24,"column":5}},{"start":{"line":21,"column":4},"end":{"line":24,"column":5}}],"line":21}},"s":{"0":10,"1":10,"2":0,"3":0,"4":10,"5":0,"6":10},"f":{"0":10,"1":0,"2":0,"3":10},"b":{"0":[0,10]},"_coverageSchema":"1a1c01bbd47fc00a2c39e90264f33305004495a9","hash":"78b0a2958d1cfa13fcefb6d9c4e5aa239a9a4847"}
,"/Users/davidcrawford/Documents/whats up doc/components/Provider.tsx": {"path":"/Users/davidcrawford/Documents/whats up doc/components/Provider.tsx","statementMap":{"0":{"start":{"line":22,"column":27},"end":{"line":54,"column":1}},"1":{"start":{"line":23,"column":49},"end":{"line":23,"column":54}},"2":{"start":{"line":24,"column":27},"end":{"line":28,"column":3}},"3":{"start":{"line":29,"column":2},"end":{"line":53,"column":4}},"4":{"start":{"line":41,"column":41},"end":{"line":41,"column":92}},"5":{"start":{"line":46,"column":41},"end":{"line":46,"column":89}},"6":{"start":{"line":56,"column":28},"end":{"line":62,"column":1}},"7":{"start":{"line":57,"column":2},"end":{"line":61,"column":9}},"8":{"start":{"line":64,"column":15},"end":{"line":133,"column":2}}},"fnMap":{"0":{"name":"(anonymous_0)","decl":{"start":{"line":22,"column":27},"end":{"line":22,"column":28}},"loc":{"start":{"line":22,"column":53},"end":{"line":54,"column":1}},"line":22},"1":{"name":"(anonymous_1)","decl":{"start":{"line":41,"column":35},"end":{"line":41,"column":36}},"loc":{"start":{"line":41,"column":41},"end":{"line":41,"column":92}},"line":41},"2":{"name":"(anonymous_2)","decl":{"start":{"line":46,"column":35},"end":{"line":46,"column":36}},"loc":{"start":{"line":46,"column":41},"end":{"line":46,"column":89}},"line":46},"3":{"name":"(anonymous_3)","decl":{"start":{"line":56,"column":28},"end":{"line":56,"column":29}},"loc":{"start":{"line":57,"column":2},"end":{"line":61,"column":9}},"line":57}},"branchMap":{"0":{"loc":{"start":{"line":26,"column":11},"end":{"line":26,"column":63}},"type":"binary-expr","locations":[{"start":{"line":26,"column":11},"end":{"line":26,"column":42}},{"start":{"line":26,"column":46},"end":{"line":26,"column":63}}],"line":26},"1":{"loc":{"start":{"line":27,"column":11},"end":{"line":27,"column":56}},"type":"binary-expr","locations":[{"start":{"line":27,"column":11},"end":{"line":27,"column":42}},{"start":{"line":27,"column":46},"end":{"line":27,"column":56}}],"line":27},"2":{"loc":{"start":{"line":31,"column":28},"end":{"line":31,"column":72}},"type":"cond-expr","locations":[{"start":{"line":31,"column":58},"end":{"line":31,"column":63}},{"start":{"line":31,"column":66},"end":{"line":31,"column":72}}],"line":31}},"s":{"0":3,"1":2,"2":2,"3":2,"4":0,"5":0,"6":3,"7":2,"8":3},"f":{"0":2,"1":0,"2":0,"3":2},"b":{"0":[2,2],"1":[2,2],"2":[0,2]},"_coverageSchema":"1a1c01bbd47fc00a2c39e90264f33305004495a9","hash":"9a1699735c6b37e37c8f7b5a7c88d3217d1985e1"}
,"/Users/davidcrawford/Documents/whats up doc/components/StyledText.tsx": {"path":"/Users/davidcrawford/Documents/whats up doc/components/StyledText.tsx","statementMap":{"0":{"start":{"line":6,"column":2},"end":{"line":6,"column":81}}},"fnMap":{"0":{"name":"MonoText","decl":{"start":{"line":5,"column":16},"end":{"line":5,"column":24}},"loc":{"start":{"line":5,"column":43},"end":{"line":7,"column":1}},"line":5}},"branchMap":{},"s":{"0":2},"f":{"0":2},"b":{},"_coverageSchema":"1a1c01bbd47fc00a2c39e90264f33305004495a9","hash":"474b20d6a559d523ba620be620ef5e0260838441"}
,"/Users/davidcrawford/Documents/whats up doc/components/Themed.tsx": {"path":"/Users/davidcrawford/Documents/whats up doc/components/Themed.tsx","statementMap":{"0":{"start":{"line":7,"column":16},"end":{"line":7,"column":32}},"1":{"start":{"line":8,"column":25},"end":{"line":8,"column":37}},"2":{"start":{"line":10,"column":2},"end":{"line":14,"column":3}},"3":{"start":{"line":11,"column":4},"end":{"line":11,"column":26}},"4":{"start":{"line":13,"column":4},"end":{"line":13,"column":36}},"5":{"start":{"line":26,"column":58},"end":{"line":26,"column":63}},"6":{"start":{"line":27,"column":16},"end":{"line":27,"column":77}},"7":{"start":{"line":29,"column":2},"end":{"line":29,"column":68}},"8":{"start":{"line":33,"column":58},"end":{"line":33,"column":63}},"9":{"start":{"line":34,"column":26},"end":{"line":34,"column":93}},"10":{"start":{"line":36,"column":2},"end":{"line":36,"column":78}}},"fnMap":{"0":{"name":"useThemeColor","decl":{"start":{"line":6,"column":16},"end":{"line":6,"column":29}},"loc":{"start":{"line":6,"column":137},"end":{"line":15,"column":1}},"line":6},"1":{"name":"Text","decl":{"start":{"line":25,"column":16},"end":{"line":25,"column":20}},"loc":{"start":{"line":25,"column":39},"end":{"line":30,"column":1}},"line":25},"2":{"name":"View","decl":{"start":{"line":32,"column":16},"end":{"line":32,"column":20}},"loc":{"start":{"line":32,"column":39},"end":{"line":37,"column":1}},"line":32}},"branchMap":{"0":{"loc":{"start":{"line":10,"column":2},"end":{"line":14,"column":3}},"type":"if","locations":[{"start":{"line":10,"column":2},"end":{"line":14,"column":3}},{"start":{"line":10,"column":2},"end":{"line":14,"column":3}}],"line":10}},"s":{"0":84,"1":84,"2":84,"3":8,"4":76,"5":42,"6":42,"7":42,"8":42,"9":42,"10":42},"f":{"0":84,"1":42,"2":42},"b":{"0":[8,76]},"_coverageSchema":"1a1c01bbd47fc00a2c39e90264f33305004495a9","hash":"3b6ca6902244e4078ac92f9ff785c314e443da25"}
,"/Users/davidcrawford/Documents/whats up doc/constants/Colors.ts": {"path":"/Users/davidcrawford/Documents/whats up doc/constants/Colors.ts","statementMap":{"0":{"start":{"line":1,"column":23},"end":{"line":1,"column":32}},"1":{"start":{"line":2,"column":22},"end":{"line":2,"column":28}}},"fnMap":{},"branchMap":{},"s":{"0":6,"1":6},"f":{},"b":{},"_coverageSchema":"1a1c01bbd47fc00a2c39e90264f33305004495a9","hash":"28c773b6754925367b54e2ac447720ee7ff461e8"}
,"/Users/davidcrawford/Documents/whats up doc/constants/Diseases.tsx": {"path":"/Users/davidcrawford/Documents/whats up doc/constants/Diseases.tsx","statementMap":{"0":{"start":{"line":1,"column":30},"end":{"line":7,"column":1}}},"fnMap":{},"branchMap":{},"s":{"0":2},"f":{},"b":{},"_coverageSchema":"1a1c01bbd47fc00a2c39e90264f33305004495a9","hash":"794db66450fd7153b4920e28107a796636014dd3"}
,"/Users/davidcrawford/Documents/whats up doc/constants/FHIR.tsx": {"path":"/Users/davidcrawford/Documents/whats up doc/constants/FHIR.tsx","statementMap":{"0":{"start":{"line":1,"column":21},"end":{"line":6,"column":1}},"1":{"start":{"line":8,"column":28},"end":{"line":18,"column":1}},"2":{"start":{"line":9,"column":19},"end":{"line":16,"column":4}},"3":{"start":{"line":17,"column":2},"end":{"line":17,"column":25}},"4":{"start":{"line":20,"column":35},"end":{"line":30,"column":1}},"5":{"start":{"line":21,"column":19},"end":{"line":28,"column":4}},"6":{"start":{"line":29,"column":2},"end":{"line":29,"column":25}}},"fnMap":{"0":{"name":"(anonymous_0)","decl":{"start":{"line":8,"column":28},"end":{"line":8,"column":29}},"loc":{"start":{"line":8,"column":52},"end":{"line":18,"column":1}},"line":8},"1":{"name":"(anonymous_1)","decl":{"start":{"line":20,"column":35},"end":{"line":20,"column":36}},"loc":{"start":{"line":20,"column":67},"end":{"line":30,"column":1}},"line":20}},"branchMap":{},"s":{"0":3,"1":3,"2":0,"3":0,"4":3,"5":0,"6":0},"f":{"0":0,"1":0},"b":{},"_coverageSchema":"1a1c01bbd47fc00a2c39e90264f33305004495a9","hash":"b113202c0a41c835af4269959b9937eb8798fe2c"}
,"/Users/davidcrawford/Documents/whats up doc/constants/enums.tsx": {"path":"/Users/davidcrawford/Documents/whats up doc/constants/enums.tsx","statementMap":{"0":{"start":{"line":1,"column":23},"end":{"line":6,"column":1}},"1":{"start":{"line":8,"column":22},"end":{"line":10,"column":1}}},"fnMap":{},"branchMap":{},"s":{"0":4,"1":4},"f":{},"b":{},"_coverageSchema":"1a1c01bbd47fc00a2c39e90264f33305004495a9","hash":"1432222dde12ece5de56391a49c4f6364820a501"}
,"/Users/davidcrawford/Documents/whats up doc/hooks/useCachedResources.ts": {"path":"/Users/davidcrawford/Documents/whats up doc/hooks/useCachedResources.ts","statementMap":{"0":{"start":{"line":7,"column":50},"end":{"line":7,"column":71}},"1":{"start":{"line":10,"column":2},"end":{"line":30,"column":9}},"2":{"start":{"line":12,"column":6},"end":{"line":26,"column":7}},"3":{"start":{"line":13,"column":8},"end":{"line":13,"column":44}},"4":{"start":{"line":16,"column":8},"end":{"line":19,"column":11}},"5":{"start":{"line":22,"column":8},"end":{"line":22,"column":24}},"6":{"start":{"line":24,"column":8},"end":{"line":24,"column":33}},"7":{"start":{"line":25,"column":8},"end":{"line":25,"column":33}},"8":{"start":{"line":29,"column":4},"end":{"line":29,"column":32}},"9":{"start":{"line":32,"column":2},"end":{"line":32,"column":27}}},"fnMap":{"0":{"name":"useCachedResources","decl":{"start":{"line":6,"column":24},"end":{"line":6,"column":42}},"loc":{"start":{"line":6,"column":45},"end":{"line":33,"column":1}},"line":6},"1":{"name":"(anonymous_1)","decl":{"start":{"line":10,"column":18},"end":{"line":10,"column":19}},"loc":{"start":{"line":10,"column":24},"end":{"line":30,"column":3}},"line":10},"2":{"name":"loadResourcesAndDataAsync","decl":{"start":{"line":11,"column":19},"end":{"line":11,"column":44}},"loc":{"start":{"line":11,"column":47},"end":{"line":27,"column":5}},"line":11}},"branchMap":{},"s":{"0":2,"1":2,"2":1,"3":1,"4":1,"5":0,"6":0,"7":0,"8":1,"9":2},"f":{"0":2,"1":1,"2":1},"b":{},"_coverageSchema":"1a1c01bbd47fc00a2c39e90264f33305004495a9","hash":"5e64e59bb69d48cd967b3beabc57c74426b6c015"}
,"/Users/davidcrawford/Documents/whats up doc/hooks/useColorScheme.ts": {"path":"/Users/davidcrawford/Documents/whats up doc/hooks/useColorScheme.ts","statementMap":{"0":{"start":{"line":7,"column":2},"end":{"line":7,"column":59}}},"fnMap":{"0":{"name":"useColorScheme","decl":{"start":{"line":6,"column":24},"end":{"line":6,"column":38}},"loc":{"start":{"line":6,"column":71},"end":{"line":8,"column":1}},"line":6}},"branchMap":{},"s":{"0":86},"f":{"0":86},"b":{},"_coverageSchema":"1a1c01bbd47fc00a2c39e90264f33305004495a9","hash":"2baee66a3892ba9e4e5960e8cfe60724aacd455c"}
,"/Users/davidcrawford/Documents/whats up doc/navigation/BottomTabNavigator.tsx": {"path":"/Users/davidcrawford/Documents/whats up doc/navigation/BottomTabNavigator.tsx","statementMap":{"0":{"start":{"line":12,"column":14},"end":{"line":12,"column":36}},"1":{"start":{"line":13,"column":18},"end":{"line":13,"column":64}},"2":{"start":{"line":16,"column":22},"end":{"line":16,"column":38}},"3":{"start":{"line":18,"column":2},"end":{"line":35,"column":4}},"4":{"start":{"line":24,"column":37},"end":{"line":24,"column":86}},"5":{"start":{"line":31,"column":37},"end":{"line":31,"column":88}},"6":{"start":{"line":39,"column":25},"end":{"line":39,"column":30}},"7":{"start":{"line":40,"column":2},"end":{"line":45,"column":4}},"8":{"start":{"line":51,"column":2},"end":{"line":51,"column":72}},"9":{"start":{"line":56,"column":20},"end":{"line":56,"column":59}},"10":{"start":{"line":59,"column":2},"end":{"line":63,"column":4}},"11":{"start":{"line":66,"column":20},"end":{"line":66,"column":59}},"12":{"start":{"line":69,"column":2},"end":{"line":73,"column":4}}},"fnMap":{"0":{"name":"BottomTabNavigator","decl":{"start":{"line":15,"column":24},"end":{"line":15,"column":42}},"loc":{"start":{"line":15,"column":45},"end":{"line":36,"column":1}},"line":15},"1":{"name":"(anonymous_1)","decl":{"start":{"line":24,"column":22},"end":{"line":24,"column":23}},"loc":{"start":{"line":24,"column":37},"end":{"line":24,"column":86}},"line":24},"2":{"name":"(anonymous_2)","decl":{"start":{"line":31,"column":22},"end":{"line":31,"column":23}},"loc":{"start":{"line":31,"column":37},"end":{"line":31,"column":88}},"line":31},"3":{"name":"SearchStack","decl":{"start":{"line":38,"column":9},"end":{"line":38,"column":20}},"loc":{"start":{"line":38,"column":33},"end":{"line":46,"column":1}},"line":38},"4":{"name":"TabBarIcon","decl":{"start":{"line":50,"column":9},"end":{"line":50,"column":19}},"loc":{"start":{"line":50,"column":60},"end":{"line":52,"column":1}},"line":50},"5":{"name":"TabOneNavigator","decl":{"start":{"line":58,"column":9},"end":{"line":58,"column":24}},"loc":{"start":{"line":58,"column":27},"end":{"line":64,"column":1}},"line":58},"6":{"name":"TabTwoNavigator","decl":{"start":{"line":68,"column":9},"end":{"line":68,"column":24}},"loc":{"start":{"line":68,"column":27},"end":{"line":74,"column":1}},"line":68}},"branchMap":{},"s":{"0":1,"1":1,"2":0,"3":0,"4":0,"5":0,"6":0,"7":0,"8":0,"9":1,"10":0,"11":1,"12":0},"f":{"0":0,"1":0,"2":0,"3":0,"4":0,"5":0,"6":0},"b":{},"_coverageSchema":"1a1c01bbd47fc00a2c39e90264f33305004495a9","hash":"13095ddbfd282bc95785892a08368a07f11e7727"}
,"/Users/davidcrawford/Documents/whats up doc/navigation/LinkingConfiguration.ts": {"path":"/Users/davidcrawford/Documents/whats up doc/navigation/LinkingConfiguration.ts","statementMap":{},"fnMap":{},"branchMap":{},"s":{},"f":{},"b":{},"_coverageSchema":"1a1c01bbd47fc00a2c39e90264f33305004495a9","hash":"44badc9d40c5826340c7c626459744f0975c9e04"}
,"/Users/davidcrawford/Documents/whats up doc/navigation/index.tsx": {"path":"/Users/davidcrawford/Documents/whats up doc/navigation/index.tsx","statementMap":{"0":{"start":{"line":14,"column":2},"end":{"line":20,"column":4}},"1":{"start":{"line":25,"column":14},"end":{"line":25,"column":56}},"2":{"start":{"line":28,"column":2},"end":{"line":33,"column":4}}},"fnMap":{"0":{"name":"Navigation","decl":{"start":{"line":13,"column":24},"end":{"line":13,"column":34}},"loc":{"start":{"line":13,"column":86},"end":{"line":21,"column":1}},"line":13},"1":{"name":"RootNavigator","decl":{"start":{"line":27,"column":9},"end":{"line":27,"column":22}},"loc":{"start":{"line":27,"column":25},"end":{"line":34,"column":1}},"line":27}},"branchMap":{"0":{"loc":{"start":{"line":17,"column":13},"end":{"line":17,"column":62}},"type":"cond-expr","locations":[{"start":{"line":17,"column":38},"end":{"line":17,"column":47}},{"start":{"line":17,"column":50},"end":{"line":17,"column":62}}],"line":17}},"s":{"0":0,"1":1,"2":0},"f":{"0":0,"1":0},"b":{"0":[0,0]},"_coverageSchema":"1a1c01bbd47fc00a2c39e90264f33305004495a9","hash":"452ac83cb77a55334b4e971038f3429e3b29c3c3"}
,"/Users/davidcrawford/Documents/whats up doc/screens/Home.tsx": {"path":"/Users/davidcrawford/Documents/whats up doc/screens/Home.tsx","statementMap":{"0":{"start":{"line":18,"column":17},"end":{"line":18,"column":53}},"1":{"start":{"line":19,"column":21},"end":{"line":19,"column":31}},"2":{"start":{"line":20,"column":25},"end":{"line":20,"column":30}},"3":{"start":{"line":23,"column":2},"end":{"line":51,"column":5}},"4":{"start":{"line":24,"column":4},"end":{"line":50,"column":7}},"5":{"start":{"line":26,"column":8},"end":{"line":44,"column":15}},"6":{"start":{"line":53,"column":2},"end":{"line":80,"column":4}},"7":{"start":{"line":61,"column":10},"end":{"line":76,"column":29}},"8":{"start":{"line":64,"column":14},"end":{"line":67,"column":17}},"9":{"start":{"line":83,"column":15},"end":{"line":107,"column":2}}},"fnMap":{"0":{"name":"Home","decl":{"start":{"line":17,"column":24},"end":{"line":17,"column":28}},"loc":{"start":{"line":17,"column":41},"end":{"line":81,"column":1}},"line":17},"1":{"name":"(anonymous_1)","decl":{"start":{"line":23,"column":12},"end":{"line":23,"column":13}},"loc":{"start":{"line":23,"column":18},"end":{"line":51,"column":3}},"line":23},"2":{"name":"(anonymous_2)","decl":{"start":{"line":25,"column":19},"end":{"line":25,"column":20}},"loc":{"start":{"line":26,"column":8},"end":{"line":44,"column":15}},"line":26},"3":{"name":"(anonymous_3)","decl":{"start":{"line":60,"column":37},"end":{"line":60,"column":38}},"loc":{"start":{"line":61,"column":10},"end":{"line":76,"column":29}},"line":61},"4":{"name":"(anonymous_4)","decl":{"start":{"line":63,"column":21},"end":{"line":63,"column":22}},"loc":{"start":{"line":63,"column":33},"end":{"line":68,"column":13}},"line":63}},"branchMap":{"0":{"loc":{"start":{"line":59,"column":34},"end":{"line":59,"column":78}},"type":"cond-expr","locations":[{"start":{"line":59,"column":64},"end":{"line":59,"column":69}},{"start":{"line":59,"column":72},"end":{"line":59,"column":78}}],"line":59}},"s":{"0":2,"1":2,"2":2,"3":2,"4":1,"5":0,"6":2,"7":10,"8":0,"9":2},"f":{"0":2,"1":1,"2":0,"3":10,"4":0},"b":{"0":[0,2]},"_coverageSchema":"1a1c01bbd47fc00a2c39e90264f33305004495a9","hash":"1bf384a7c3b9c686313bfd803750c6d66e42a0fa"}
,"/Users/davidcrawford/Documents/whats up doc/screens/Listing.tsx": {"path":"/Users/davidcrawford/Documents/whats up doc/screens/Listing.tsx","statementMap":{"0":{"start":{"line":32,"column":21},"end":{"line":32,"column":31}},"1":{"start":{"line":33,"column":28},"end":{"line":33,"column":46}},"2":{"start":{"line":34,"column":25},"end":{"line":34,"column":30}},"3":{"start":{"line":35,"column":42},"end":{"line":35,"column":69}},"4":{"start":{"line":36,"column":25},"end":{"line":36,"column":37}},"5":{"start":{"line":38,"column":47},"end":{"line":38,"column":104}},"6":{"start":{"line":38,"column":80},"end":{"line":38,"column":103}},"7":{"start":{"line":39,"column":58},"end":{"line":41,"column":4}},"8":{"start":{"line":39,"column":93},"end":{"line":39,"column":135}},"9":{"start":{"line":42,"column":2},"end":{"line":46,"column":5}},"10":{"start":{"line":43,"column":4},"end":{"line":45,"column":7}},"11":{"start":{"line":48,"column":2},"end":{"line":52,"column":25}},"12":{"start":{"line":49,"column":4},"end":{"line":51,"column":5}},"13":{"start":{"line":50,"column":6},"end":{"line":50,"column":16}},"14":{"start":{"line":54,"column":2},"end":{"line":54,"column":48}},"15":{"start":{"line":54,"column":17},"end":{"line":54,"column":48}},"16":{"start":{"line":55,"column":2},"end":{"line":55,"column":39}},"17":{"start":{"line":55,"column":13},"end":{"line":55,"column":39}},"18":{"start":{"line":56,"column":2},"end":{"line":115,"column":4}},"19":{"start":{"line":60,"column":35},"end":{"line":67,"column":11}},"20":{"start":{"line":68,"column":10},"end":{"line":72,"column":11}},"21":{"start":{"line":69,"column":12},"end":{"line":69,"column":88}},"22":{"start":{"line":71,"column":12},"end":{"line":71,"column":63}},"23":{"start":{"line":73,"column":10},"end":{"line":77,"column":11}},"24":{"start":{"line":74,"column":12},"end":{"line":74,"column":102}},"25":{"start":{"line":76,"column":12},"end":{"line":76,"column":73}},"26":{"start":{"line":79,"column":10},"end":{"line":79,"column":58}},"27":{"start":{"line":79,"column":51},"end":{"line":79,"column":58}},"28":{"start":{"line":81,"column":10},"end":{"line":100,"column":12}},"29":{"start":{"line":85,"column":16},"end":{"line":85,"column":50}},"30":{"start":{"line":86,"column":16},"end":{"line":86,"column":49}},"31":{"start":{"line":108,"column":28},"end":{"line":108,"column":61}},"32":{"start":{"line":110,"column":31},"end":{"line":110,"column":97}},"33":{"start":{"line":111,"column":10},"end":{"line":111,"column":56}},"34":{"start":{"line":118,"column":15},"end":{"line":146,"column":2}}},"fnMap":{"0":{"name":"Listing","decl":{"start":{"line":31,"column":24},"end":{"line":31,"column":31}},"loc":{"start":{"line":31,"column":47},"end":{"line":116,"column":1}},"line":31},"1":{"name":"(anonymous_1)","decl":{"start":{"line":38,"column":74},"end":{"line":38,"column":75}},"loc":{"start":{"line":38,"column":80},"end":{"line":38,"column":103}},"line":38},"2":{"name":"(anonymous_2)","decl":{"start":{"line":39,"column":87},"end":{"line":39,"column":88}},"loc":{"start":{"line":39,"column":93},"end":{"line":39,"column":135}},"line":39},"3":{"name":"(anonymous_3)","decl":{"start":{"line":42,"column":12},"end":{"line":42,"column":13}},"loc":{"start":{"line":42,"column":18},"end":{"line":46,"column":3}},"line":42},"4":{"name":"(anonymous_4)","decl":{"start":{"line":48,"column":12},"end":{"line":48,"column":13}},"loc":{"start":{"line":48,"column":18},"end":{"line":52,"column":3}},"line":48},"5":{"name":"(anonymous_5)","decl":{"start":{"line":59,"column":30},"end":{"line":59,"column":31}},"loc":{"start":{"line":59,"column":63},"end":{"line":101,"column":9}},"line":59},"6":{"name":"(anonymous_6)","decl":{"start":{"line":84,"column":23},"end":{"line":84,"column":24}},"loc":{"start":{"line":84,"column":35},"end":{"line":87,"column":15}},"line":84},"7":{"name":"(anonymous_7)","decl":{"start":{"line":108,"column":22},"end":{"line":108,"column":23}},"loc":{"start":{"line":108,"column":28},"end":{"line":108,"column":61}},"line":108},"8":{"name":"(anonymous_8)","decl":{"start":{"line":109,"column":23},"end":{"line":109,"column":24}},"loc":{"start":{"line":109,"column":29},"end":{"line":112,"column":9}},"line":109}},"branchMap":{"0":{"loc":{"start":{"line":44,"column":19},"end":{"line":44,"column":46}},"type":"binary-expr","locations":[{"start":{"line":44,"column":19},"end":{"line":44,"column":26}},{"start":{"line":44,"column":30},"end":{"line":44,"column":46}}],"line":44},"1":{"loc":{"start":{"line":49,"column":4},"end":{"line":51,"column":5}},"type":"if","locations":[{"start":{"line":49,"column":4},"end":{"line":51,"column":5}},{"start":{"line":49,"column":4},"end":{"line":51,"column":5}}],"line":49},"2":{"loc":{"start":{"line":54,"column":2},"end":{"line":54,"column":48}},"type":"if","locations":[{"start":{"line":54,"column":2},"end":{"line":54,"column":48}},{"start":{"line":54,"column":2},"end":{"line":54,"column":48}}],"line":54},"3":{"loc":{"start":{"line":55,"column":2},"end":{"line":55,"column":39}},"type":"if","locations":[{"start":{"line":55,"column":2},"end":{"line":55,"column":39}},{"start":{"line":55,"column":2},"end":{"line":55,"column":39}}],"line":55},"4":{"loc":{"start":{"line":58,"column":34},"end":{"line":58,"column":78}},"type":"cond-expr","locations":[{"start":{"line":58,"column":64},"end":{"line":58,"column":69}},{"start":{"line":58,"column":72},"end":{"line":58,"column":78}}],"line":58},"5":{"loc":{"start":{"line":62,"column":17},"end":{"line":62,"column":89}},"type":"binary-expr","locations":[{"start":{"line":62,"column":17},"end":{"line":62,"column":57}},{"start":{"line":62,"column":61},"end":{"line":62,"column":89}}],"line":62},"6":{"loc":{"start":{"line":64,"column":17},"end":{"line":64,"column":65}},"type":"binary-expr","locations":[{"start":{"line":64,"column":17},"end":{"line":64,"column":59}},{"start":{"line":64,"column":63},"end":{"line":64,"column":65}}],"line":64},"7":{"loc":{"start":{"line":79,"column":10},"end":{"line":79,"column":58}},"type":"if","locations":[{"start":{"line":79,"column":10},"end":{"line":79,"column":58}},{"start":{"line":79,"column":10},"end":{"line":79,"column":58}}],"line":79},"8":{"loc":{"start":{"line":105,"column":21},"end":{"line":105,"column":60}},"type":"cond-expr","locations":[{"start":{"line":105,"column":51},"end":{"line":105,"column":54}},{"start":{"line":105,"column":57},"end":{"line":105,"column":60}}],"line":105}},"s":{"0":3,"1":2,"2":2,"3":2,"4":2,"5":2,"6":0,"7":0,"8":0,"9":0,"10":0,"11":0,"12":0,"13":0,"14":0,"15":0,"16":0,"17":0,"18":0,"19":0,"20":0,"21":0,"22":0,"23":0,"24":0,"25":0,"26":0,"27":0,"28":0,"29":0,"30":0,"31":0,"32":0,"33":0,"34":2},"f":{"0":3,"1":0,"2":0,"3":0,"4":0,"5":0,"6":0,"7":0,"8":0},"b":{"0":[0,0],"1":[0,0],"2":[0,0],"3":[0,0],"4":[0,0],"5":[0,0],"6":[0,0],"7":[0,0],"8":[0,0]},"_coverageSchema":"1a1c01bbd47fc00a2c39e90264f33305004495a9","hash":"6e8c5ff2331a4a15aeb40667b0520f45fc52a7f6"}
,"/Users/davidcrawford/Documents/whats up doc/screens/NotFoundScreen.tsx": {"path":"/Users/davidcrawford/Documents/whats up doc/screens/NotFoundScreen.tsx","statementMap":{"0":{"start":{"line":10,"column":2},"end":{"line":17,"column":4}},"1":{"start":{"line":13,"column":39},"end":{"line":13,"column":65}},"2":{"start":{"line":20,"column":15},"end":{"line":40,"column":2}}},"fnMap":{"0":{"name":"NotFoundScreen","decl":{"start":{"line":7,"column":24},"end":{"line":7,"column":38}},"loc":{"start":{"line":9,"column":53},"end":{"line":18,"column":1}},"line":9},"1":{"name":"(anonymous_1)","decl":{"start":{"line":13,"column":33},"end":{"line":13,"column":34}},"loc":{"start":{"line":13,"column":39},"end":{"line":13,"column":65}},"line":13}},"branchMap":{},"s":{"0":0,"1":0,"2":1},"f":{"0":0,"1":0},"b":{},"_coverageSchema":"1a1c01bbd47fc00a2c39e90264f33305004495a9","hash":"499b99fe81ef98a3f5c7f4d1b33ba7a2a037dc31"}
,"/Users/davidcrawford/Documents/whats up doc/screens/Settings.tsx": {"path":"/Users/davidcrawford/Documents/whats up doc/screens/Settings.tsx","statementMap":{"0":{"start":{"line":10,"column":21},"end":{"line":10,"column":31}},"1":{"start":{"line":11,"column":24},"end":{"line":11,"column":53}},"2":{"start":{"line":12,"column":2},"end":{"line":41,"column":4}},"3":{"start":{"line":20,"column":12},"end":{"line":20,"column":25}},"4":{"start":{"line":23,"column":67},"end":{"line":23,"column":92}},"5":{"start":{"line":31,"column":12},"end":{"line":31,"column":62}},"6":{"start":{"line":32,"column":12},"end":{"line":32,"column":48}},"7":{"start":{"line":44,"column":15},"end":{"line":82,"column":2}}},"fnMap":{"0":{"name":"Settings","decl":{"start":{"line":9,"column":24},"end":{"line":9,"column":32}},"loc":{"start":{"line":9,"column":35},"end":{"line":42,"column":1}},"line":9},"1":{"name":"(anonymous_1)","decl":{"start":{"line":19,"column":24},"end":{"line":19,"column":25}},"loc":{"start":{"line":19,"column":42},"end":{"line":21,"column":11}},"line":19},"2":{"name":"(anonymous_2)","decl":{"start":{"line":23,"column":60},"end":{"line":23,"column":61}},"loc":{"start":{"line":23,"column":67},"end":{"line":23,"column":92}},"line":23},"3":{"name":"(anonymous_3)","decl":{"start":{"line":30,"column":19},"end":{"line":30,"column":20}},"loc":{"start":{"line":30,"column":25},"end":{"line":33,"column":11}},"line":30}},"branchMap":{"0":{"loc":{"start":{"line":14,"column":28},"end":{"line":14,"column":72}},"type":"cond-expr","locations":[{"start":{"line":14,"column":58},"end":{"line":14,"column":63}},{"start":{"line":14,"column":66},"end":{"line":14,"column":72}}],"line":14}},"s":{"0":2,"1":2,"2":2,"3":0,"4":0,"5":0,"6":0,"7":2},"f":{"0":2,"1":0,"2":0,"3":0},"b":{"0":[0,2]},"_coverageSchema":"1a1c01bbd47fc00a2c39e90264f33305004495a9","hash":"f753a8410c4801ea628b6d010956b58c23d86aee"}
}
