TN:
SF:App.tsx
FN:14,App
FN:18,(anonymous_1)
FN:19,(anonymous_2)
FN:23,(anonymous_3)
FNF:4
FNH:3
FNDA:2,App
FNDA:1,(anonymous_1)
FNDA:1,(anonymous_2)
FNDA:0,(anonymous_3)
DA:12,1
DA:15,2
DA:16,2
DA:17,2
DA:18,2
DA:19,1
DA:20,1
DA:22,0
DA:23,0
DA:24,0
DA:26,0
DA:30,2
DA:31,0
DA:33,2
LF:14
LH:9
BRDA:22,0,0,0
BRDA:22,0,1,0
BRDA:22,1,0,0
BRDA:22,1,1,0
BRDA:22,1,2,0
BRDA:30,2,0,0
BRDA:30,2,1,2
BRDA:30,3,0,2
BRDA:30,3,1,2
BRF:9
BRH:3
end_of_record
TN:
SF:assets/fonts/SpaceMono-Regular.ttf
FNF:0
FNH:0
DA:1,1
LF:1
LH:1
BRF:0
BRH:0
end_of_record
TN:
SF:assets/images/icon.png
FNF:0
FNH:0
DA:1,1
LF:1
LH:1
BRF:0
BRH:0
end_of_record
TN:
SF:components/EditScreenInfo.tsx
FN:8,EditScreenInfo
FN:36,handleHelpPress
FNF:2
FNH:1
FNDA:2,EditScreenInfo
FNDA:0,handleHelpPress
DA:9,2
DA:37,0
DA:40,1
LF:3
LH:2
BRF:0
BRH:0
end_of_record
TN:
SF:components/ErrorBoundary.tsx
FN:4,(anonymous_0)
FN:9,(anonymous_1)
FN:14,(anonymous_2)
FN:20,(anonymous_3)
FNF:4
FNH:2
FNDA:10,(anonymous_0)
FNDA:0,(anonymous_1)
FNDA:0,(anonymous_2)
FNDA:10,(anonymous_3)
DA:5,10
DA:6,10
DA:11,0
DA:16,0
DA:21,10
DA:23,0
DA:26,10
LF:7
LH:4
BRDA:21,0,0,0
BRDA:21,0,1,10
BRF:2
BRH:1
end_of_record
TN:
SF:components/Provider.tsx
FN:22,(anonymous_0)
FN:41,(anonymous_1)
FN:46,(anonymous_2)
FN:56,(anonymous_3)
FNF:4
FNH:2
FNDA:2,(anonymous_0)
FNDA:0,(anonymous_1)
FNDA:0,(anonymous_2)
FNDA:2,(anonymous_3)
DA:22,3
DA:23,2
DA:24,2
DA:29,2
DA:41,0
DA:46,0
DA:56,3
DA:57,2
DA:64,3
LF:9
LH:7
BRDA:26,0,0,2
BRDA:26,0,1,2
BRDA:27,1,0,2
BRDA:27,1,1,2
BRDA:31,2,0,0
BRDA:31,2,1,2
BRF:6
BRH:5
end_of_record
TN:
SF:components/StyledText.tsx
FN:5,MonoText
FNF:1
FNH:1
FNDA:2,MonoText
DA:6,2
LF:1
LH:1
BRF:0
BRH:0
end_of_record
TN:
SF:components/Themed.tsx
FN:6,useThemeColor
FN:25,Text
FN:32,View
FNF:3
FNH:3
FNDA:84,useThemeColor
FNDA:42,Text
FNDA:42,View
DA:7,84
DA:8,84
DA:10,84
DA:11,8
DA:13,76
DA:26,42
DA:27,42
DA:29,42
DA:33,42
DA:34,42
DA:36,42
LF:11
LH:11
BRDA:10,0,0,8
BRDA:10,0,1,76
BRF:2
BRH:2
end_of_record
TN:
SF:constants/Colors.ts
FNF:0
FNH:0
DA:1,6
DA:2,6
LF:2
LH:2
BRF:0
BRH:0
end_of_record
TN:
SF:constants/Diseases.tsx
FNF:0
FNH:0
DA:1,2
LF:1
LH:1
BRF:0
BRH:0
end_of_record
TN:
SF:constants/FHIR.tsx
FN:8,(anonymous_0)
FN:20,(anonymous_1)
FNF:2
FNH:0
FNDA:0,(anonymous_0)
FNDA:0,(anonymous_1)
DA:1,3
DA:8,3
DA:9,0
DA:17,0
DA:20,3
DA:21,0
DA:29,0
LF:7
LH:3
BRF:0
BRH:0
end_of_record
TN:
SF:constants/enums.tsx
FNF:0
FNH:0
DA:1,4
DA:8,4
LF:2
LH:2
BRF:0
BRH:0
end_of_record
TN:
SF:hooks/useCachedResources.ts
FN:6,useCachedResources
FN:10,(anonymous_1)
FN:11,loadResourcesAndDataAsync
FNF:3
FNH:3
FNDA:2,useCachedResources
FNDA:1,(anonymous_1)
FNDA:1,loadResourcesAndDataAsync
DA:7,2
DA:10,2
DA:12,1
DA:13,1
DA:16,1
DA:22,0
DA:24,0
DA:25,0
DA:29,1
DA:32,2
LF:10
LH:7
BRF:0
BRH:0
end_of_record
TN:
SF:hooks/useColorScheme.ts
FN:6,useColorScheme
FNF:1
FNH:1
FNDA:86,useColorScheme
DA:7,86
LF:1
LH:1
BRF:0
BRH:0
end_of_record
TN:
SF:navigation/BottomTabNavigator.tsx
FN:15,BottomTabNavigator
FN:24,(anonymous_1)
FN:31,(anonymous_2)
FN:38,SearchStack
FN:50,TabBarIcon
FN:58,TabOneNavigator
FN:68,TabTwoNavigator
FNF:7
FNH:0
FNDA:0,BottomTabNavigator
FNDA:0,(anonymous_1)
FNDA:0,(anonymous_2)
FNDA:0,SearchStack
FNDA:0,TabBarIcon
FNDA:0,TabOneNavigator
FNDA:0,TabTwoNavigator
DA:12,1
DA:13,1
DA:16,0
DA:18,0
DA:24,0
DA:31,0
DA:39,0
DA:40,0
DA:51,0
DA:56,1
DA:59,0
DA:66,1
DA:69,0
LF:13
LH:4
BRF:0
BRH:0
end_of_record
TN:
SF:navigation/LinkingConfiguration.ts
FNF:0
FNH:0
LF:0
LH:0
BRF:0
BRH:0
end_of_record
TN:
SF:navigation/index.tsx
FN:13,Navigation
FN:27,RootNavigator
FNF:2
FNH:0
FNDA:0,Navigation
FNDA:0,RootNavigator
DA:14,0
DA:25,1
DA:28,0
LF:3
LH:1
BRDA:17,0,0,0
BRDA:17,0,1,0
BRF:2
BRH:0
end_of_record
TN:
SF:screens/Home.tsx
FN:17,Home
FN:23,(anonymous_1)
FN:25,(anonymous_2)
FN:60,(anonymous_3)
FN:63,(anonymous_4)
FNF:5
FNH:3
FNDA:2,Home
FNDA:1,(anonymous_1)
FNDA:0,(anonymous_2)
FNDA:10,(anonymous_3)
FNDA:0,(anonymous_4)
DA:18,2
DA:19,2
DA:20,2
DA:23,2
DA:24,1
DA:26,0
DA:53,2
DA:61,10
DA:64,0
DA:83,2
LF:10
LH:8
BRDA:59,0,0,0
BRDA:59,0,1,2
BRF:2
BRH:1
end_of_record
TN:
SF:screens/Listing.tsx
FN:31,Listing
FN:38,(anonymous_1)
FN:39,(anonymous_2)
FN:42,(anonymous_3)
FN:48,(anonymous_4)
FN:59,(anonymous_5)
FN:84,(anonymous_6)
FN:108,(anonymous_7)
FN:109,(anonymous_8)
FNF:9
FNH:1
FNDA:3,Listing
FNDA:0,(anonymous_1)
FNDA:0,(anonymous_2)
FNDA:0,(anonymous_3)
FNDA:0,(anonymous_4)
FNDA:0,(anonymous_5)
FNDA:0,(anonymous_6)
FNDA:0,(anonymous_7)
FNDA:0,(anonymous_8)
DA:32,3
DA:33,2
DA:34,2
DA:35,2
DA:36,2
DA:38,2
DA:39,0
DA:42,0
DA:43,0
DA:48,0
DA:49,0
DA:50,0
DA:54,0
DA:55,0
DA:56,0
DA:60,0
DA:68,0
DA:69,0
DA:71,0
DA:73,0
DA:74,0
DA:76,0
DA:79,0
DA:81,0
DA:85,0
DA:86,0
DA:108,0
DA:110,0
DA:111,0
DA:118,2
LF:30
LH:7
BRDA:44,0,0,0
BRDA:44,0,1,0
BRDA:49,1,0,0
BRDA:49,1,1,0
BRDA:54,2,0,0
BRDA:54,2,1,0
BRDA:55,3,0,0
BRDA:55,3,1,0
BRDA:58,4,0,0
BRDA:58,4,1,0
BRDA:62,5,0,0
BRDA:62,5,1,0
BRDA:64,6,0,0
BRDA:64,6,1,0
BRDA:79,7,0,0
BRDA:79,7,1,0
BRDA:105,8,0,0
BRDA:105,8,1,0
BRF:18
BRH:0
end_of_record
TN:
SF:screens/NotFoundScreen.tsx
FN:7,NotFoundScreen
FN:13,(anonymous_1)
FNF:2
FNH:0
FNDA:0,NotFoundScreen
FNDA:0,(anonymous_1)
DA:10,0
DA:13,0
DA:20,1
LF:3
LH:1
BRF:0
BRH:0
end_of_record
TN:
SF:screens/Settings.tsx
FN:9,Settings
FN:19,(anonymous_1)
FN:23,(anonymous_2)
FN:30,(anonymous_3)
FNF:4
FNH:1
FNDA:2,Settings
FNDA:0,(anonymous_1)
FNDA:0,(anonymous_2)
FNDA:0,(anonymous_3)
DA:10,2
DA:11,2
DA:12,2
DA:20,0
DA:23,0
DA:31,0
DA:32,0
DA:44,2
LF:8
LH:4
BRDA:14,0,0,0
BRDA:14,0,1,2
BRF:2
BRH:1
end_of_record
